<?xml version="1.0" encoding="UTF-8"?>
<!-- Generated by org.testng.reporters.JUnitReportReporter -->
<testsuite hostname="LAPTOP-UJTRFUEE" failures="0" tests="10" name="runner.WebApp" time="270.396" errors="0" timestamp="2022-01-18T15:53:24 IST" skipped="0">
  <testcase classname="runner.WebApp" name="test1" time="15.942"/>
  <system-out/>
  <testcase classname="runner.WebApp" name="test2" time="18.929"/>
  <system-out/>
  <testcase classname="runner.WebApp" name="test3" time="24.421"/>
  <system-out/>
  <testcase classname="runner.WebApp" name="test4" time="19.935"/>
  <system-out/>
  <testcase classname="runner.WebApp" name="test5" time="27.615"/>
  <system-out/>
  <testcase classname="runner.WebApp" name="test6" time="30.143"/>
  <system-out/>
  <testcase classname="runner.WebApp" name="test7" time="37.337"/>
  <system-out/>
  <testcase classname="runner.WebApp" name="test8" time="30.802"/>
  <system-out/>
  <testcase classname="runner.WebApp" name="test9" time="37.343"/>
  <system-out/>
  <testcase classname="runner.WebApp" name="test10" time="27.929"/>
  <system-out/>
</testsuite> <!-- runner.WebApp -->
